Feb 08 2019 12:51:46
{"Number":8,"Message":"unserialize(): Error at offset 3086 of 3094 bytes","File":"H:\\sites\\hooareyou.net\\wp-content\\plugins\\all-in-one-wp-migration\\lib\\vendor\\servmask\\database\\class-ai1wm-database-utility.php","Line":60}

Feb 08 2019 12:51:47
{"Number":8,"Message":"unserialize(): Error at offset 363 of 471 bytes","File":"H:\\sites\\hooareyou.net\\wp-content\\plugins\\all-in-one-wp-migration\\lib\\vendor\\servmask\\database\\class-ai1wm-database-utility.php","Line":60}

Feb 08 2019 12:51:47
{"Number":8,"Message":"unserialize(): Error at offset 300 of 438 bytes","File":"H:\\sites\\hooareyou.net\\wp-content\\plugins\\all-in-one-wp-migration\\lib\\vendor\\servmask\\database\\class-ai1wm-database-utility.php","Line":60}

Feb 08 2019 12:51:47
{"Number":8,"Message":"unserialize(): Error at offset 363 of 471 bytes","File":"H:\\sites\\hooareyou.net\\wp-content\\plugins\\all-in-one-wp-migration\\lib\\vendor\\servmask\\database\\class-ai1wm-database-utility.php","Line":60}

Feb 08 2019 12:51:47
{"Number":8,"Message":"unserialize(): Error at offset 300 of 438 bytes","File":"H:\\sites\\hooareyou.net\\wp-content\\plugins\\all-in-one-wp-migration\\lib\\vendor\\servmask\\database\\class-ai1wm-database-utility.php","Line":60}

Apr 10 2019 13:36:41
{"Number":8,"Message":"unserialize(): Error at offset 3086 of 3110 bytes","File":"H:\\sites\\haybrainleader.com\\wp-content\\plugins\\all-in-one-wp-migration\\lib\\vendor\\servmask\\database\\class-ai1wm-database-utility.php","Line":60}

Apr 10 2019 13:36:41
{"Number":8,"Message":"unserialize(): Error at offset 363 of 479 bytes","File":"H:\\sites\\haybrainleader.com\\wp-content\\plugins\\all-in-one-wp-migration\\lib\\vendor\\servmask\\database\\class-ai1wm-database-utility.php","Line":60}

Apr 10 2019 13:36:41
{"Number":8,"Message":"unserialize(): Error at offset 300 of 446 bytes","File":"H:\\sites\\haybrainleader.com\\wp-content\\plugins\\all-in-one-wp-migration\\lib\\vendor\\servmask\\database\\class-ai1wm-database-utility.php","Line":60}

Apr 10 2019 13:36:42
{"Number":8,"Message":"unserialize(): Error at offset 363 of 479 bytes","File":"H:\\sites\\haybrainleader.com\\wp-content\\plugins\\all-in-one-wp-migration\\lib\\vendor\\servmask\\database\\class-ai1wm-database-utility.php","Line":60}

Apr 10 2019 13:36:42
{"Number":8,"Message":"unserialize(): Error at offset 300 of 446 bytes","File":"H:\\sites\\haybrainleader.com\\wp-content\\plugins\\all-in-one-wp-migration\\lib\\vendor\\servmask\\database\\class-ai1wm-database-utility.php","Line":60}

Mar 22 2021 19:27:06
{"type":8192,"message":"Required parameter $wp_customize follows optional parameter $args","file":"H:\\sites\\valueservicesco.mymentech.net\\wp-content\\plugins\\redux-framework\\redux-core\\inc\\extensions\\customizer\\class-redux-extension-customizer.php","line":597}

Mar 28 2021 09:43:24
{"type":8192,"message":"Required parameter $wp_customize follows optional parameter $args","file":"H:\\sites\\valueservicesco.mymentech.net\\wp-content\\plugins\\redux-framework\\redux-core\\inc\\extensions\\customizer\\class-redux-extension-customizer.php","line":597}

Mar 28 2021 09:43:36
{"type":8192,"message":"Required parameter $wp_customize follows optional parameter $args","file":"H:\\sites\\valueservicesco.mymentech.net\\wp-content\\plugins\\redux-framework\\redux-core\\inc\\extensions\\customizer\\class-redux-extension-customizer.php","line":597}

Mar 28 2021 09:43:47
{"type":8192,"message":"Required parameter $wp_customize follows optional parameter $args","file":"H:\\sites\\valueservicesco.mymentech.net\\wp-content\\plugins\\redux-framework\\redux-core\\inc\\extensions\\customizer\\class-redux-extension-customizer.php","line":597}

Mar 28 2021 09:43:52
{"type":8192,"message":"Required parameter $wp_customize follows optional parameter $args","file":"H:\\sites\\valueservicesco.mymentech.net\\wp-content\\plugins\\redux-framework\\redux-core\\inc\\extensions\\customizer\\class-redux-extension-customizer.php","line":597}

Mar 28 2021 09:43:54
{"type":8192,"message":"Required parameter $wp_customize follows optional parameter $args","file":"H:\\sites\\valueservicesco.mymentech.net\\wp-content\\plugins\\redux-framework\\redux-core\\inc\\extensions\\customizer\\class-redux-extension-customizer.php","line":597}

Mar 28 2021 09:44:05
{"type":8192,"message":"Required parameter $wp_customize follows optional parameter $args","file":"H:\\sites\\valueservicesco.mymentech.net\\wp-content\\plugins\\redux-framework\\redux-core\\inc\\extensions\\customizer\\class-redux-extension-customizer.php","line":597}

